TN:tests_test_funcs
SF:/home/fedor/Future/VK/Углубленный C_C++/Homework_1/funcs/safe_input/safe_input.c
FN:3,input_animals
FNDA:2,input_animals
FN:28,get_correct_string
FNDA:26,get_correct_string
FN:48,safe_input
FNDA:27,safe_input
DA:3,2
DA:4,2
DA:5,2
DA:7,8
DA:9,6
DA:10,6
DA:11,6
DA:12,6
DA:13,6
DA:14,6
DA:15,6
DA:16,6
DA:17,6
DA:18,6
DA:19,6
DA:20,6
DA:21,6
DA:22,6
DA:23,2
DA:25,2
DA:28,26
DA:29,26
DA:31,26
DA:32,26
DA:33,1
DA:34,1
DA:38,27
DA:39,1
DA:40,1
DA:42,26
DA:43,26
DA:44,1
DA:45,27
DA:48,27
DA:49,27
DA:50,27
DA:51,27
DA:52,339
DA:53,312
DA:54,133
DA:56,312
DA:57,179
DA:58,179
DA:60,312
DA:62,27
DA:63,27
end_of_record
TN:tests_test_funcs
SF:/home/fedor/Future/VK/Углубленный C_C++/Homework_1/funcs/animal/animal.c
FN:3,show_animal
FNDA:3,show_animal
FN:9,show_by_group
FNDA:2,show_by_group
DA:3,3
DA:4,3
DA:5,3
DA:6,3
DA:7,3
DA:9,2
DA:10,2
DA:11,8
DA:12,6
DA:13,2
DA:14,2
DA:15,2
DA:18,2
DA:19,1
DA:20,2
end_of_record
